<?xml version="1.0" encoding="UTF-8"?>
<testsuite xmlns:xsi="http://www.w3.org/2001/XMLSchema-instance" xsi:noNamespaceSchemaLocation="https://maven.apache.org/surefire/maven-surefire-plugin/xsd/surefire-test-report-3.0.xsd" version="3.0" name="com.cyh.reviewservice.ReviewServiceApplicationTests" time="15.028" tests="1" errors="0" skipped="0" failures="0">
  <properties>
[...]
</properties>
  <testcase name="contextLoads" classname="com.cyh.reviewservice.ReviewServiceApplicationTests" time="2.506">
    <system-out><![CDATA[16:36:55.332 [main] INFO org.springframework.test.context.support.AnnotationConfigContextLoaderUtils -- Could not detect default configuration classes for test class [com.cyh.reviewservice.ReviewServiceApplicationTests]: ReviewServiceApplicationTests does not declare any static, non-private, non-final, nested classes annotated with @Configuration.
16:36:55.501 [main] INFO org.springframework.boot.test.context.SpringBootTestContextBootstrapper -- Found @SpringBootConfiguration com.cyh.reviewservice.ReviewServiceApplication for test class com.cyh.reviewservice.ReviewServiceApplicationTests

  .   ____          _            __ _ _
 /\\ / ___'_ __ _ _(_)_ __  __ _ \ \ \ \
( ( )\___ | '_ | '_| | '_ \/ _` | \ \ \ \
 \\/  ___)| |_)| | | | | || (_| |  ) ) ) )
  '  |____| .__|_| |_|_| |_\__, | / / / /
 =========|_|==============|___/=/_/_/_/

 :: Spring Boot ::                (v3.3.5)

2026-05-08T16:36:57.624+08:00  INFO 38640 --- [Review-Service] [           main] c.c.r.ReviewServiceApplicationTests      : Starting ReviewServiceApplicationTests using Java 17.0.9 with PID 38640 (started by ikun in E:\pineapple\backend\Review-server\review-service)
2026-05-08T16:36:57.626+08:00  INFO 38640 --- [Review-Service] [           main] c.c.r.ReviewServiceApplicationTests      : No active profile set, falling back to 1 default profile: "default"
2026-05-08T16:36:58.906+08:00  INFO 38640 --- [Review-Service] [           main] .s.d.r.c.RepositoryConfigurationDelegate : Multiple Spring Data modules found, entering strict repository configuration mode
2026-05-08T16:36:58.909+08:00  INFO 38640 --- [Review-Service] [           main] .s.d.r.c.RepositoryConfigurationDelegate : Bootstrapping Spring Data Redis repositories in DEFAULT mode.
2026-05-08T16:36:58.935+08:00  INFO 38640 --- [Review-Service] [           main] .s.d.r.c.RepositoryConfigurationDelegate : Finished Spring Data repository scanning in 7 ms. Found 0 Redis repository interfaces.
2026-05-08T16:36:59.363+08:00  INFO 38640 --- [Review-Service] [           main] o.s.cloud.context.scope.GenericScope     : BeanFactory id=493d4397-322e-3fa6-b7b2-937c6104c027
2026-05-08T16:37:00.017+08:00  WARN 38640 --- [Review-Service] [           main] trationDelegate$BeanPostProcessorChecker : Bean 'org.springframework.cloud.client.loadbalancer.LoadBalancerAutoConfiguration$DeferringLoadBalancerInterceptorConfig' of type [org.springframework.cloud.client.loadbalancer.LoadBalancerAutoConfiguration$DeferringLoadBalancerInterceptorConfig] is not eligible for getting processed by all BeanPostProcessors (for example: not eligible for auto-proxying). The currently created BeanPostProcessor [lbRestClientPostProcessor] is declared through a non-static factory method on that class; consider declaring it as static instead.
2026-05-08T16:37:00.023+08:00  WARN 38640 --- [Review-Service] [           main] trationDelegate$BeanPostProcessorChecker : Bean 'deferringLoadBalancerInterceptor' of type [org.springframework.cloud.client.loadbalancer.DeferringLoadBalancerInterceptor] is not eligible for getting processed by all BeanPostProcessors (for example: not eligible for auto-proxying). Is this bean getting eagerly injected/applied to a currently created BeanPostProcessor [lbRestClientPostProcessor]? Check the corresponding BeanPostProcessor declaration and its dependencies/advisors. If this bean does not have to be post-processed, declare it with ROLE_INFRASTRUCTURE.
 _ _   |_  _ _|_. ___ _ |    _ 
| | |\/|_)(_| | |_\  |_)||_|_\ 
     /               |         
                        3.5.12 
2026-05-08T16:37:01.486+08:00  INFO 38640 --- [Review-Service] [           main] o.s.c.openfeign.FeignClientFactoryBean   : For 'Registration-Service' URL not provided. Will try picking an instance via load-balancing.
2026-05-08T16:37:01.672+08:00  INFO 38640 --- [Review-Service] [           main] o.s.c.openfeign.FeignClientFactoryBean   : For 'Activity-Service' URL not provided. Will try picking an instance via load-balancing.
2026-05-08T16:37:02.276+08:00  INFO 38640 --- [Review-Service] [           main] o.s.c.openfeign.FeignClientFactoryBean   : For 'User-Service' URL not provided. Will try picking an instance via load-balancing.
2026-05-08T16:37:02.494+08:00  INFO 38640 --- [Review-Service] [           main] c.a.c.sentinel.SentinelWebMvcConfigurer  : [Sentinel Starter] register SentinelWebInterceptor with urlPatterns: [/**].
2026-05-08T16:37:03.026+08:00  INFO 38640 --- [Review-Service] [           main] c.alibaba.nacos.client.utils.ParamUtil   : [settings] [req-serv] nacos-server port:8848
2026-05-08T16:37:03.027+08:00  INFO 38640 --- [Review-Service] [           main] c.alibaba.nacos.client.utils.ParamUtil   : [settings] [http-client] connect timeout:1000
2026-05-08T16:37:03.028+08:00  INFO 38640 --- [Review-Service] [           main] c.alibaba.nacos.client.utils.ParamUtil   : PER_TASK_CONFIG_SIZE: 3000.0
2026-05-08T16:37:03.032+08:00  INFO 38640 --- [Review-Service] [       Thread-3] c.a.n.c.a.r.identify.CredentialWatcher   : null No credential found
2026-05-08T16:37:03.070+08:00  INFO 38640 --- [Review-Service] [           main] com.alibaba.nacos.common.labels          : DefaultLabelsCollectorManager get labels.....
2026-05-08T16:37:03.070+08:00  INFO 38640 --- [Review-Service] [           main] com.alibaba.nacos.common.labels          : Process LabelsCollector with [name:defaultNacosLabelsCollector]
2026-05-08T16:37:03.070+08:00  INFO 38640 --- [Review-Service] [           main] com.alibaba.nacos.common.labels          : default nacos collect properties raw labels: null
2026-05-08T16:37:03.072+08:00  INFO 38640 --- [Review-Service] [           main] com.alibaba.nacos.common.labels          : default nacos collect properties labels: {}
2026-05-08T16:37:03.073+08:00  INFO 38640 --- [Review-Service] [           main] com.alibaba.nacos.common.labels          : default nacos collect jvm raw labels: null
2026-05-08T16:37:03.073+08:00  INFO 38640 --- [Review-Service] [           main] com.alibaba.nacos.common.labels          : default nacos collect jvm labels: {}
2026-05-08T16:37:03.073+08:00  INFO 38640 --- [Review-Service] [           main] com.alibaba.nacos.common.labels          : default nacos collect env raw labels: null
2026-05-08T16:37:03.073+08:00  INFO 38640 --- [Review-Service] [           main] com.alibaba.nacos.common.labels          : default nacos collect env labels: {}
2026-05-08T16:37:03.073+08:00  INFO 38640 --- [Review-Service] [           main] com.alibaba.nacos.common.labels          : DefaultLabelsCollectorManager get labels finished,labels :{}
2026-05-08T16:37:03.106+08:00  INFO 38640 --- [Review-Service] [           main] c.a.n.p.a.s.c.ClientAuthPluginManager    : [ClientAuthPluginManager] Load ClientAuthService com.alibaba.nacos.client.auth.impl.NacosClientAuthServiceImpl success.
2026-05-08T16:37:03.106+08:00  INFO 38640 --- [Review-Service] [           main] c.a.n.p.a.s.c.ClientAuthPluginManager    : [ClientAuthPluginManager] Load ClientAuthService com.alibaba.nacos.client.auth.ram.RamClientAuthServiceImpl success.
2026-05-08T16:37:04.488+08:00  INFO 38640 --- [Review-Service] [           main] o.s.cloud.commons.util.InetUtils         : Cannot determine local hostname
2026-05-08T16:37:04.914+08:00  WARN 38640 --- [Review-Service] [           main] .s.s.UserDetailsServiceAutoConfiguration : 

Using generated security password: 2d9b1237-7497-4150-b737-7c986fbb3467

This generated password is for development use only. Your security configuration must be updated before running your application in production.

2026-05-08T16:37:04.929+08:00  INFO 38640 --- [Review-Service] [           main] r$InitializeUserDetailsManagerConfigurer : Global AuthenticationManager configured with UserDetailsService bean with name inMemoryUserDetailsManager
>>>>>>>>>>> xxl-job config init.
2026-05-08T16:37:07.315+08:00  INFO 38640 --- [Review-Service] [           main] o.s.cloud.commons.util.InetUtils         : Cannot determine local hostname
2026-05-08T16:37:07.456+08:00  INFO 38640 --- [Review-Service] [           main] o.s.c.openfeign.FeignClientFactoryBean   : For 'CheckIn-Service' URL not provided. Will try picking an instance via load-balancing.
2026-05-08T16:37:07.470+08:00  INFO 38640 --- [Review-Service] [           main] o.s.c.openfeign.FeignClientFactoryBean   : For 'Points-Service' URL not provided. Will try picking an instance via load-balancing.
2026-05-08T16:37:07.541+08:00  INFO 38640 --- [Review-Service] [           main] c.c.r.ReviewServiceApplicationTests      : Started ReviewServiceApplicationTests in 11.779 seconds (process running for 13.19)
2026-05-08T16:37:07.874+08:00 ERROR 38640 --- [Review-Service] [       Thread-8] com.xxl.job.core.server.EmbedServer      : >>>>>>>>>>> xxl-job remoting server error.

java.net.BindException: Address already in use: bind
	at java.base/sun.nio.ch.Net.bind0(Native Method) ~[na:na]
	at java.base/sun.nio.ch.Net.bind(Net.java:555) ~[na:na]
	at java.base/sun.nio.ch.ServerSocketChannelImpl.netBind(ServerSocketChannelImpl.java:337) ~[na:na]
	at java.base/sun.nio.ch.ServerSocketChannelImpl.bind(ServerSocketChannelImpl.java:294) ~[na:na]
	at io.netty.channel.socket.nio.NioServerSocketChannel.doBind(NioServerSocketChannel.java:141) ~[netty-transport-4.1.114.Final.jar:4.1.114.Final]
	at io.netty.channel.AbstractChannel$AbstractUnsafe.bind(AbstractChannel.java:561) ~[netty-transport-4.1.114.Final.jar:4.1.114.Final]
	at io.netty.channel.DefaultChannelPipeline$HeadContext.bind(DefaultChannelPipeline.java:1281) ~[netty-transport-4.1.114.Final.jar:4.1.114.Final]
	at io.netty.channel.AbstractChannelHandlerContext.invokeBind(AbstractChannelHandlerContext.java:600) ~[netty-transport-4.1.114.Final.jar:4.1.114.Final]
	at io.netty.channel.AbstractChannelHandlerContext.bind(AbstractChannelHandlerContext.java:579) ~[netty-transport-4.1.114.Final.jar:4.1.114.Final]
	at io.netty.channel.DefaultChannelPipeline.bind(DefaultChannelPipeline.java:922) ~[netty-transport-4.1.114.Final.jar:4.1.114.Final]
	at io.netty.channel.AbstractChannel.bind(AbstractChannel.java:259) ~[netty-transport-4.1.114.Final.jar:4.1.114.Final]
	at io.netty.bootstrap.AbstractBootstrap$2.run(AbstractBootstrap.java:380) ~[netty-transport-4.1.114.Final.jar:4.1.114.Final]
	at io.netty.util.concurrent.AbstractEventExecutor.runTask(AbstractEventExecutor.java:173) ~[netty-common-4.1.114.Final.jar:4.1.114.Final]
	at io.netty.util.concurrent.AbstractEventExecutor.safeExecute(AbstractEventExecutor.java:166) ~[netty-common-4.1.114.Final.jar:4.1.114.Final]
	at io.netty.util.concurrent.SingleThreadEventExecutor.runAllTasks(SingleThreadEventExecutor.java:472) ~[netty-common-4.1.114.Final.jar:4.1.114.Final]
	at io.netty.channel.nio.NioEventLoop.run(NioEventLoop.java:569) ~[netty-transport-4.1.114.Final.jar:4.1.114.Final]
	at io.netty.util.concurrent.SingleThreadEventExecutor$4.run(SingleThreadEventExecutor.java:997) ~[netty-common-4.1.114.Final.jar:4.1.114.Final]
	at io.netty.util.internal.ThreadExecutorMap$2.run(ThreadExecutorMap.java:74) ~[netty-common-4.1.114.Final.jar:4.1.114.Final]
	at io.netty.util.concurrent.FastThreadLocalRunnable.run(FastThreadLocalRunnable.java:30) ~[netty-common-4.1.114.Final.jar:4.1.114.Final]
	at java.base/java.lang.Thread.run(Thread.java:840) ~[na:na]

]]></system-out>
  </testcase>
</testsuite>